<?xml version="1.0" encoding="utf-8"?><testsuites name="pytest tests"><testsuite name="pytest" errors="0" failures="0" skipped="2" tests="28" time="1.441" timestamp="2025-10-31T11:25:51.505349-07:00" hostname="Mac-14060.lan"><testcase classname="tests.integration.test_indexing.TestIndexingIntegration" name="test_indexing_workflow_completeness" time="0.141" /><testcase classname="tests.integration.test_indexing.TestIndexingIntegration" name="test_indexing_content_deduplication" time="0.088" /><testcase classname="tests.integration.test_indexing.TestIndexingIntegration" name="test_indexing_error_recovery" time="0.044" /><testcase classname="tests.integration.test_indexing.TestIndexingIntegration" name="test_indexing_large_file_handling" time="0.043" /><testcase classname="tests.integration.test_indexing.TestIndexingIntegration" name="test_indexing_mixed_file_types" time="0.044" /><testcase classname="tests.integration.test_indexing.TestIndexingPerformance" name="test_indexing_memory_usage" time="0.269" /><testcase classname="tests.integration.test_indexing.TestIndexingPerformance" name="test_indexing_execution_time" time="0.043" /><testcase classname="tests.integration.test_indexing.TestIndexingPerformance" name="test_indexing_concurrent_operations" time="0.081" /><testcase classname="tests.integration.test_indexing.TestIndexingWithExternalServices" name="test_indexing_with_real_embeddings" time="0.000"><skipped type="pytest.skip" message="Requires actual external services">/Users/tdc/worktable/dolphin/tests/integration/test_indexing.py:407: Requires actual external services</skipped></testcase><testcase classname="tests.integration.test_indexing.TestIndexingWithExternalServices" name="test_indexing_with_real_lancedb" time="0.000"><skipped type="pytest.skip" message="Requires actual external services">/Users/tdc/worktable/dolphin/tests/integration/test_indexing.py:417: Requires actual external services</skipped></testcase><testcase classname="tests.integration.test_kb_load" name="test_ignore_patterns" time="0.000" /><testcase classname="tests.integration.test_kb_load" name="test_text_canonicalization" time="0.000" /><testcase classname="tests.integration.test_kb_load" name="test_hash_stability" time="0.000" /><testcase classname="tests.integration.test_kb_load" name="test_fixture_file_hash_determinism" time="0.000" /><testcase classname="tests.integration.test_kb_search" name="test_search_returns_provenance_rich_snippets" time="0.009" /><testcase classname="tests.integration.test_pipeline.TestPipelineIntegration" name="test_pipeline_scan_integration" time="0.089" /><testcase classname="tests.integration.test_pipeline.TestPipelineIntegration" name="test_pipeline_index_integration" time="0.042" /><testcase classname="tests.integration.test_pipeline.TestPipelineIntegration" name="test_pipeline_incremental_indexing" time="0.082" /><testcase classname="tests.integration.test_pipeline.TestPipelineIntegration" name="test_pipeline_error_handling" time="0.006" /><testcase classname="tests.integration.test_pipeline.TestPipelineAsyncIntegration" name="test_pipeline_concurrent_operations" time="0.241" /><testcase classname="tests.integration.test_search.TestSearchIntegration" name="test_search_basic_functionality" time="0.001" /><testcase classname="tests.integration.test_search.TestSearchIntegration" name="test_search_with_filters" time="0.001" /><testcase classname="tests.integration.test_search.TestSearchIntegration" name="test_search_empty_results" time="0.001" /><testcase classname="tests.integration.test_search.TestSearchIntegration" name="test_search_latency_measurement" time="0.001" /><testcase classname="tests.integration.test_search.TestSearchIntegration" name="test_search_backend_configuration" time="0.000" /><testcase classname="tests.integration.test_search.TestSearchIntegration" name="test_search_multiple_repositories" time="0.001" /><testcase classname="tests.integration.test_search.TestSearchPerformance" name="test_search_response_time" time="0.001" /><testcase classname="tests.integration.test_search.TestSearchPerformance" name="test_search_concurrent_requests" time="0.001" /></testsuite></testsuites>