<?xml version="1.0" encoding="utf-8"?><testsuites name="pytest tests"><testsuite name="pytest" errors="0" failures="0" skipped="0" tests="112" time="2.395" timestamp="2025-10-27T01:25:30.616179-07:00" hostname="Mac-13245.lan"><testcase classname="tests.test_chunker_registry" name="test_language_detection" time="0.002" /><testcase classname="tests.test_chunker_registry" name="test_chunker_routing" time="0.170" /><testcase classname="tests.test_chunker_registry" name="test_chunk_file" time="0.001" /><testcase classname="tests.test_chunker_registry" name="test_integration" time="0.001" /><testcase classname="tests.test_fallback_chunker" name="test_empty_text" time="0.000" /><testcase classname="tests.test_fallback_chunker" name="test_single_short_chunk" time="0.000" /><testcase classname="tests.test_fallback_chunker" name="test_multi_chunk_with_overlap" time="0.001" /><testcase classname="tests.test_fallback_chunker" name="test_line_number_accuracy" time="0.000" /><testcase classname="tests.test_fallback_chunker" name="test_trim_leading_trailing_newlines" time="0.000" /><testcase classname="tests.test_fallback_chunker" name="test_overlap_creates_redundancy" time="0.001" /><testcase classname="tests.test_fallback_chunker" name="test_token_count_accuracy" time="0.000" /><testcase classname="tests.test_fallback_chunker" name="test_preserves_indentation" time="0.000" /><testcase classname="tests.test_fallback_chunker" name="test_various_file_types" time="0.000" /><testcase classname="tests.unit.test_chunker_registry.TestLanguageDetection" name="test_python_extensions" time="0.000" /><testcase classname="tests.unit.test_chunker_registry.TestLanguageDetection" name="test_typescript_extensions" time="0.000" /><testcase classname="tests.unit.test_chunker_registry.TestLanguageDetection" name="test_javascript_extensions" time="0.000" /><testcase classname="tests.unit.test_chunker_registry.TestLanguageDetection" name="test_markdown_extensions" time="0.000" /><testcase classname="tests.unit.test_chunker_registry.TestLanguageDetection" name="test_data_format_extensions" time="0.000" /><testcase classname="tests.unit.test_chunker_registry.TestLanguageDetection" name="test_case_insensitive_detection" time="0.000" /><testcase classname="tests.unit.test_chunker_registry.TestLanguageDetection" name="test_unknown_extensions" time="0.000" /><testcase classname="tests.unit.test_chunker_registry.TestLanguageDetection" name="test_no_extension" time="0.000" /><testcase classname="tests.unit.test_chunker_registry.TestChunkerRouting" name="test_python_chunker_selection" time="0.000" /><testcase classname="tests.unit.test_chunker_registry.TestChunkerRouting" name="test_typescript_chunker_selection" time="0.000" /><testcase classname="tests.unit.test_chunker_registry.TestChunkerRouting" name="test_markdown_chunker_selection" time="0.001" /><testcase classname="tests.unit.test_chunker_registry.TestChunkerRouting" name="test_fallback_chunker_selection" time="0.000" /><testcase classname="tests.unit.test_chunker_registry.TestChunkerRouting" name="test_case_insensitive_routing" time="0.000" /><testcase classname="tests.unit.test_chunker_registry.TestChunkFileInterface" name="test_python_file_chunking" time="0.000" /><testcase classname="tests.unit.test_chunker_registry.TestChunkFileInterface" name="test_markdown_file_chunking" time="0.000" /><testcase classname="tests.unit.test_chunker_registry.TestChunkFileInterface" name="test_symbol_path_enrichment" time="0.000" /><testcase classname="tests.unit.test_chunker_registry.TestIntegration" name="test_complete_pipeline_flow" time="0.000" /><testcase classname="tests.unit.test_chunker_registry.TestIntegration" name="test_error_handling_in_pipeline" time="0.000" /><testcase classname="tests.unit.test_chunker_registry.TestIntegration" name="test_config_override_behavior" time="0.000" /><testcase classname="tests.unit.test_chunkers.test_fallback_chunker.TestFallbackChunker" name="test_empty_text_returns_empty_list" time="0.000" /><testcase classname="tests.unit.test_chunkers.test_fallback_chunker.TestFallbackChunker" name="test_single_short_chunk" time="0.000" /><testcase classname="tests.unit.test_chunkers.test_fallback_chunker.TestFallbackChunker" name="test_multi_chunk_with_overlap" time="0.001" /><testcase classname="tests.unit.test_chunkers.test_fallback_chunker.TestFallbackChunker" name="test_line_number_accuracy" time="0.000" /><testcase classname="tests.unit.test_chunkers.test_fallback_chunker.TestFallbackChunker" name="test_trim_leading_trailing_newlines" time="0.000" /><testcase classname="tests.unit.test_chunkers.test_fallback_chunker.TestFallbackChunker" name="test_overlap_creates_redundancy" time="0.001" /><testcase classname="tests.unit.test_chunkers.test_fallback_chunker.TestFallbackChunker" name="test_token_count_accuracy" time="0.000" /><testcase classname="tests.unit.test_chunkers.test_fallback_chunker.TestFallbackChunker" name="test_preserves_indentation" time="0.000" /><testcase classname="tests.unit.test_chunkers.test_fallback_chunker.TestFallbackChunker" name="test_various_file_types" time="0.000" /><testcase classname="tests.unit.test_chunkers.test_fallback_chunker.TestFallbackChunker" name="test_target_token_size" time="0.002" /><testcase classname="tests.unit.test_chunkers.test_fallback_chunker.TestFallbackChunker" name="test_overlap_calculation" time="0.001" /><testcase classname="tests.unit.test_chunkers.test_md_chunker.TestMarkdownChunker" name="test_markdown_heading_detection" time="0.001" /><testcase classname="tests.unit.test_chunkers.test_md_chunker.TestMarkdownChunker" name="test_markdown_h1_h2_h3_extraction" time="0.001" /><testcase classname="tests.unit.test_chunkers.test_md_chunker.TestMarkdownChunker" name="test_markdown_heading_context_preservation" time="0.000" /><testcase classname="tests.unit.test_chunkers.test_md_chunker.TestMarkdownChunker" name="test_markdown_heading_stripping_from_embedded_content" time="0.000" /><testcase classname="tests.unit.test_chunkers.test_md_chunker.TestMarkdownChunker" name="test_markdown_section_chunking_logical_boundaries" time="0.000" /><testcase classname="tests.unit.test_chunkers.test_md_chunker.TestMarkdownChunker" name="test_markdown_code_block_preservation" time="0.001" /><testcase classname="tests.unit.test_chunkers.test_md_chunker.TestMarkdownChunker" name="test_markdown_list_item_handling" time="0.001" /><testcase classname="tests.unit.test_chunkers.test_md_chunker.TestMarkdownChunker" name="test_markdown_yaml_front_matter" time="0.001" /><testcase classname="tests.unit.test_chunkers.test_md_chunker.TestMarkdownChunker" name="test_markdown_mixed_content_types" time="0.001" /><testcase classname="tests.unit.test_chunkers.test_md_chunker.TestMarkdownChunker" name="test_markdown_error_handling" time="0.000" /><testcase classname="tests.unit.test_chunkers.test_md_chunker.TestMarkdownChunker" name="test_markdown_token_count_accuracy" time="0.000" /><testcase classname="tests.unit.test_chunkers.test_md_chunker.TestMarkdownChunker" name="test_markdown_paragraph_grouping" time="0.000" /><testcase classname="tests.unit.test_chunkers.test_py_chunker.TestPythonChunker" name="test_python_function_chunking" time="0.000" /><testcase classname="tests.unit.test_chunkers.test_py_chunker.TestPythonChunker" name="test_python_large_function_multiple_windows" time="0.018" /><testcase classname="tests.unit.test_chunkers.test_py_chunker.TestPythonChunker" name="test_python_symbol_metadata" time="0.000" /><testcase classname="tests.unit.test_chunkers.test_py_chunker.TestPythonChunker" name="test_python_module_level_code" time="0.000" /><testcase classname="tests.unit.test_chunkers.test_py_chunker.TestPythonChunker" name="test_python_nested_classes_and_functions" time="0.000" /><testcase classname="tests.unit.test_chunkers.test_py_chunker.TestPythonChunker" name="test_python_error_recovery" time="0.000" /><testcase classname="tests.unit.test_chunkers.test_py_chunker.TestPythonChunker" name="test_python_token_count_accuracy" time="0.000" /><testcase classname="tests.unit.test_chunkers.test_py_chunker.TestPythonChunker" name="test_python_class_hierarchy_symbol_path" time="0.000" /><testcase classname="tests.unit.test_chunkers.test_ts_chunker.TestTypeScriptChunker" name="test_typescript_function_chunking" time="0.001" /><testcase classname="tests.unit.test_chunkers.test_ts_chunker.TestTypeScriptChunker" name="test_react_component_chunking" time="0.001" /><testcase classname="tests.unit.test_chunkers.test_ts_chunker.TestTypeScriptChunker" name="test_arrow_functions" time="0.001" /><testcase classname="tests.unit.test_chunkers.test_ts_chunker.TestTypeScriptChunker" name="test_interface_and_type_definitions" time="0.001" /><testcase classname="tests.unit.test_chunkers.test_ts_chunker.TestTypeScriptChunker" name="test_javascript_vs_typescript_language_modes" time="0.000" /><testcase classname="tests.unit.test_chunkers.test_ts_chunker.TestTypeScriptChunker" name="test_error_recovery_on_syntax_errors" time="0.000" /><testcase classname="tests.unit.test_chunkers.test_ts_chunker.TestTypeScriptChunker" name="test_jsx_tsx_handling" time="0.000" /><testcase classname="tests.unit.test_chunkers.test_ts_chunker.TestTypeScriptChunker" name="test_token_count_accuracy_typescript" time="0.000" /><testcase classname="tests.unit.test_chunkers.test_ts_chunker.TestTypeScriptChunker" name="test_symbol_path_enrichment" time="0.000" /><testcase classname="tests.unit.test_dedup.TestChunkDeduplication" name="test_chunk_deduplication_basic" time="0.039" /><testcase classname="tests.unit.test_dedup.TestChunkDeduplication" name="test_chunk_deduplication_with_persisted_hash" time="0.007" /><testcase classname="tests.unit.test_dedup.TestChunkDeduplication" name="test_hash_computation_failure_fallback" time="0.008" /><testcase classname="tests.unit.test_dedup.TestChunkDeduplication" name="test_moved_chunk_handling" time="0.010" /><testcase classname="tests.unit.test_dedup.TestChunkDeduplication" name="test_multiple_embedding_models" time="0.008" /><testcase classname="tests.unit.test_hashing.TestCanonicalizeText" name="test_empty_input_normalizes_to_newline" time="0.000" /><testcase classname="tests.unit.test_hashing.TestCanonicalizeText" name="test_mixed_newlines_and_trailing_whitespace" time="0.000" /><testcase classname="tests.unit.test_hashing.TestCanonicalizeText" name="test_preserves_indentation_removes_blank_lines" time="0.000" /><testcase classname="tests.unit.test_hashing.TestCanonicalizeText" name="test_single_trailing_newline_enforcement" time="0.000" /><testcase classname="tests.unit.test_hashing.TestHashText" name="test_hash_determinism" time="0.000" /><testcase classname="tests.unit.test_hashing.TestHashText" name="test_hash_format" time="0.000" /><testcase classname="tests.unit.test_hashing.TestHashText" name="test_different_inputs_produce_different_hashes" time="0.000" /><testcase classname="tests.unit.test_hashing.TestVerifyHash" name="test_verify_hash_case_insensitive" time="0.000" /><testcase classname="tests.unit.test_hashing.TestVerifyHash" name="test_verify_hash_correct" time="0.000" /><testcase classname="tests.unit.test_hashing.TestVerifyHash" name="test_verify_hash_incorrect" time="0.000" /><testcase classname="tests.unit.test_scanner.TestScannerBasic" name="test_scan_repo_basic_file_enumeration" time="0.191" /><testcase classname="tests.unit.test_scanner.TestScannerBasic" name="test_scan_repo_untracked_and_gitignore" time="0.168" /><testcase classname="tests.unit.test_scanner.TestScannerBasic" name="test_scan_repo_submodule_skipped" time="0.394" /><testcase classname="tests.unit.test_scanner.TestScannerBasic" name="test_scan_repo_not_a_git_repository" time="0.001" /><testcase classname="tests.unit.test_scanner.TestIgnorePatterns" name="test_build_ignore_set_defaults" time="0.000" /><testcase classname="tests.unit.test_scanner.TestIgnorePatterns" name="test_build_ignore_set_with_custom_patterns" time="0.000" /><testcase classname="tests.unit.test_scanner.TestIgnorePatterns" name="test_ignore_pattern_matching" time="0.158" /><testcase classname="tests.unit.test_store.test_sqlite_meta.TestSQLiteMetadataStore" name="test_repo_operations" time="0.009" /><testcase classname="tests.unit.test_store.test_sqlite_meta.TestSQLiteMetadataStore" name="test_session_management" time="0.009" /><testcase classname="tests.unit.test_store.test_sqlite_meta.TestSQLiteMetadataStore" name="test_file_operations" time="0.008" /><testcase classname="tests.unit.test_store.test_sqlite_meta.TestSQLiteMetadataStore" name="test_chunk_content_operations" time="0.008" /><testcase classname="tests.unit.test_store.test_sqlite_meta.TestSQLiteMetadataStore" name="test_location_synchronization" time="0.009" /><testcase classname="tests.unit.test_store.test_sqlite_meta.TestSQLiteMetadataStore" name="test_pruning_operations" time="0.008" /><testcase classname="tests.unit.test_store.test_sqlite_meta.TestSQLiteMetadataStore" name="test_sync_file_state_end_to_end" time="0.008" /><testcase classname="tests.unit.test_store.test_sqlite_meta.TestSQLiteMetadataStore" name="test_summarize_operations" time="0.007" /><testcase classname="tests.unit.test_token_utils.TestTokenUtilities" name="test_window_text_by_tokens_simple" time="0.000" /><testcase classname="tests.unit.test_token_utils.TestTokenUtilities" name="test_window_text_by_tokens_empty" time="0.000" /><testcase classname="tests.unit.test_token_utils.TestTokenUtilities" name="test_window_text_by_tokens_single_window" time="0.000" /><testcase classname="tests.unit.test_token_utils.TestTokenUtilities" name="test_window_text_by_tokens_with_overlap" time="0.000" /><testcase classname="tests.unit.test_token_utils.TestTokenUtilities" name="test_count_tokens_accuracy" time="0.000" /><testcase classname="tests.unit.test_token_utils.TestTokenUtilities" name="test_count_tokens_model_variants" time="0.000" /><testcase classname="tests.unit.test_token_utils.TestTokenUtilities" name="test_window_text_preserves_content" time="0.000" /><testcase classname="tests.unit.test_token_utils.TestTokenUtilities" name="test_token_count_consistency" time="0.006" /><testcase classname="tests.unit.test_token_utils.TestTokenUtilities" name="test_window_boundary_conditions" time="0.001" /><testcase classname="tests.unit.test_token_utils.TestTokenUtilities" name="test_unicode_handling" time="0.001" /></testsuite></testsuites>